Using pre-set license
Built from '2021.2/staging' branch; Version is '2021.2.17f1 (efb8f635e7b1) revision 15710454'; Using compiler version '192829333'; Build Type 'Release'
OS: 'Windows 10  (10.0.19044) 64bit CoreCountrySpecific' Language: 'zh' Physical Memory: 16267 MB
BatchMode: 1, IsHumanControllingUs: 0, StartBugReporterOnCrash: 0, Is64bit: 1, IsPro: 1

COMMAND LINE ARGUMENTS:
C:\Program Files\Unity\Hub\Editor\2021.2.17f1\Editor\Unity.exe
-adb2
-batchMode
-noUpm
-name
AssetImportWorker0
-projectPath
E:/Parrot/My project
-logFile
Logs/AssetImportWorker0.log
-srvPort
54348
Successfully changed project path to: E:/Parrot/My project
E:/Parrot/My project
[UnityMemory] Configuration Parameters - Can be set up in boot.config
    "memorysetup-bucket-allocator-granularity=16"
    "memorysetup-bucket-allocator-bucket-count=8"
    "memorysetup-bucket-allocator-block-size=33554432"
    "memorysetup-bucket-allocator-block-count=8"
    "memorysetup-main-allocator-block-size=16777216"
    "memorysetup-thread-allocator-block-size=16777216"
    "memorysetup-gfx-main-allocator-block-size=16777216"
    "memorysetup-gfx-thread-allocator-block-size=16777216"
    "memorysetup-cache-allocator-block-size=4194304"
    "memorysetup-typetree-allocator-block-size=2097152"
    "memorysetup-profiler-bucket-allocator-granularity=16"
    "memorysetup-profiler-bucket-allocator-bucket-count=8"
    "memorysetup-profiler-bucket-allocator-block-size=33554432"
    "memorysetup-profiler-bucket-allocator-block-count=8"
    "memorysetup-profiler-allocator-block-size=16777216"
    "memorysetup-profiler-editor-allocator-block-size=1048576"
    "memorysetup-temp-allocator-size-main=16777216"
    "memorysetup-job-temp-allocator-block-size=2097152"
    "memorysetup-job-temp-allocator-block-size-background=1048576"
    "memorysetup-job-temp-allocator-reduction-small-platforms=262144"
    "memorysetup-temp-allocator-size-background-worker=32768"
    "memorysetup-temp-allocator-size-job-worker=262144"
    "memorysetup-temp-allocator-size-preload-manager=33554432"
    "memorysetup-temp-allocator-size-nav-mesh-worker=65536"
    "memorysetup-temp-allocator-size-audio-worker=65536"
    "memorysetup-temp-allocator-size-cloud-worker=32768"
    "memorysetup-temp-allocator-size-gi-baking-worker=262144"
    "memorysetup-temp-allocator-size-gfx=262144"
Refreshing native plugins compatible for Editor in 183.12 ms, found 12 plugins.
Preloading 1 native plugins for Editor in 1.02 ms.
Initialize engine version: 2021.2.17f1 (efb8f635e7b1)
[Subsystems] Discovering subsystems at path C:/Program Files/Unity/Hub/Editor/2021.2.17f1/Editor/Data/Resources/UnitySubsystems
[Subsystems] Discovering subsystems at path E:/Parrot/My project/Assets
GfxDevice: creating device client; threaded=0; jobified=0
Direct3D:
    Version:  Direct3D 11.0 [level 11.1]
    Renderer: Microsoft Basic Render Driver (ID=0x8c)
    Vendor:   Microsoft
    VRAM:     8133 MB
Shader 'Oculus/OVRMRCameraFrameLit': fallback shader 'Alpha-Diffuse' not found
Initialize mono
Mono path[0] = 'C:/Program Files/Unity/Hub/Editor/2021.2.17f1/Editor/Data/Managed'
Mono path[1] = 'C:/Program Files/Unity/Hub/Editor/2021.2.17f1/Editor/Data/MonoBleedingEdge/lib/mono/unityjit-win32'
Mono config path = 'C:/Program Files/Unity/Hub/Editor/2021.2.17f1/Editor/Data/MonoBleedingEdge/etc'
Using monoOptions --debugger-agent=transport=dt_socket,embedding=1,server=y,suspend=n,address=127.0.0.1:56220
Begin MonoManager ReloadAssembly
Registering precompiled unity dll's ...
Register platform support module: C:/Program Files/Unity/Hub/Editor/2021.2.17f1/Editor/Data/PlaybackEngines/AndroidPlayer/UnityEditor.Android.Extensions.dll
Register platform support module: C:/Program Files/Unity/Hub/Editor/2021.2.17f1/Editor/Data/PlaybackEngines/WindowsStandaloneSupport/UnityEditor.WindowsStandalone.Extensions.dll
Registered in 0.016319 seconds.
Native extension for WindowsStandalone target not found
Native extension for Android target not found
Refreshing native plugins compatible for Editor in 168.10 ms, found 12 plugins.
Preloading 1 native plugins for Editor in 0.20 ms.
Mono: successfully reloaded assembly
- Completed reload, in  0.965 seconds
Domain Reload Profiling:
	ReloadAssembly (965ms)
		BeginReloadAssembly (107ms)
			ExecutionOrderSort (0ms)
			DisableScriptedObjects (0ms)
			BackupInstance (0ms)
			ReleaseScriptingObjects (0ms)
			CreateAndSetChildDomain (1ms)
		EndReloadAssembly (688ms)
			LoadAssemblies (104ms)
			RebuildTransferFunctionScriptingTraits (0ms)
			SetupTypeCache (149ms)
			ReleaseScriptCaches (0ms)
			RebuildScriptCaches (37ms)
			SetupLoadedEditorAssemblies (420ms)
				LogAssemblyErrors (0ms)
				InitializePlatformSupportModulesInManaged (71ms)
				SetLoadedEditorAssemblies (0ms)
				RefreshPlugins (168ms)
				BeforeProcessingInitializeOnLoad (1ms)
				ProcessInitializeOnLoadAttributes (119ms)
				ProcessInitializeOnLoadMethodAttributes (60ms)
				AfterProcessingInitializeOnLoad (0ms)
				EditorAssembliesLoaded (0ms)
			ExecutionOrderSort2 (0ms)
			AwakeInstancesAfterBackupRestoration (0ms)
Platform modules already initialized, skipping
Registering precompiled user dll's ...
Registered in 0.011330 seconds.
Assembly with name 'Facebook.WitAI' already exists (Assets/wit-unity-main/Scripts/Runtime/Facebook.Wit.asmdef)
Assembly with name 'Facebook.WitAI' already exists (Assets/Oculus/Voice/Lib/Wit.ai/Scripts/Runtime/Facebook.Wit.asmdef)
Assembly with name 'Facebook.Wit.Editor' already exists (Assets/wit-unity-main/Scripts/Editor/Facebook.Wit.Editor.asmdef)
Assembly with name 'Facebook.Wit.Editor' already exists (Assets/Oculus/Voice/Lib/Wit.ai/Scripts/Editor/Facebook.Wit.Editor.asmdef)
Assembly with name 'Facebook.WitAI' already exists (Assets/wit-unity-main/Scripts/Runtime/Facebook.Wit.asmdef)
Assembly with name 'Facebook.WitAI' already exists (Assets/Oculus/Voice/Lib/Wit.ai/Scripts/Runtime/Facebook.Wit.asmdef)
Assembly with name 'Facebook.Wit.Editor' already exists (Assets/wit-unity-main/Scripts/Editor/Facebook.Wit.Editor.asmdef)
Assembly with name 'Facebook.Wit.Editor' already exists (Assets/Oculus/Voice/Lib/Wit.ai/Scripts/Editor/Facebook.Wit.Editor.asmdef)
Begin MonoManager ReloadAssembly
Symbol file LoadedFromMemory doesn't match image E:\Parrot\My project\Library\PackageCache\com.unity.visualscripting@1.7.6\Editor\VisualScripting.Core\Dependencies\DotNetZip\Unity.VisualScripting.IonicZip.dll
Symbol file LoadedFromMemory doesn't match image E:\Parrot\My project\Library\PackageCache\com.unity.visualscripting@1.7.6\Editor\VisualScripting.Core\Dependencies\YamlDotNet\Unity.VisualScripting.YamlDotNet.dll
Native extension for WindowsStandalone target not found
Native extension for Android target not found
Refreshing native plugins compatible for Editor in 166.64 ms, found 12 plugins.
Preloading 1 native plugins for Editor in 0.04 ms.
Assembly with name 'Facebook.WitAI' already exists (Assets/wit-unity-main/Scripts/Runtime/Facebook.Wit.asmdef)
Assembly with name 'Facebook.WitAI' already exists (Assets/Oculus/Voice/Lib/Wit.ai/Scripts/Runtime/Facebook.Wit.asmdef)
Assembly with name 'Facebook.Wit.Editor' already exists (Assets/wit-unity-main/Scripts/Editor/Facebook.Wit.Editor.asmdef)
Assembly with name 'Facebook.Wit.Editor' already exists (Assets/Oculus/Voice/Lib/Wit.ai/Scripts/Editor/Facebook.Wit.Editor.asmdef)
Package Manager log level set to [2]
[XR] OculusXRPlugin: registering subsystems
[XR] Unable to register display lifecyle provider: [1]
[XR] Oculus Input lifecycle provider registered.
[XR] Unable to register input lifecyle provider: [1]
[XR] OVRP version 1.70.0
Mono: successfully reloaded assembly
- Completed reload, in  2.290 seconds
Domain Reload Profiling:
	ReloadAssembly (2292ms)
		BeginReloadAssembly (283ms)
			ExecutionOrderSort (0ms)
			DisableScriptedObjects (11ms)
			BackupInstance (0ms)
			ReleaseScriptingObjects (0ms)
			CreateAndSetChildDomain (132ms)
		EndReloadAssembly (1851ms)
			LoadAssemblies (145ms)
			RebuildTransferFunctionScriptingTraits (0ms)
			SetupTypeCache (413ms)
			ReleaseScriptCaches (1ms)
			RebuildScriptCaches (96ms)
			SetupLoadedEditorAssemblies (1096ms)
				LogAssemblyErrors (0ms)
				InitializePlatformSupportModulesInManaged (23ms)
				SetLoadedEditorAssemblies (0ms)
				RefreshPlugins (167ms)
				BeforeProcessingInitializeOnLoad (158ms)
				ProcessInitializeOnLoadAttributes (663ms)
				ProcessInitializeOnLoadMethodAttributes (60ms)
				AfterProcessingInitializeOnLoad (22ms)
				EditorAssembliesLoaded (2ms)
			ExecutionOrderSort2 (0ms)
			AwakeInstancesAfterBackupRestoration (15ms)
Platform modules already initialized, skipping
========================================================================
Worker process is ready to serve import requests
Shader 'Unlit/Outline': fallback shader 'Hidden/Shader Graph/FallbackError' not found
Shader 'Oculus/OVRMRCameraFrameLit': fallback shader 'Alpha-Diffuse' not found
Shader 'Unlit/Outline': fallback shader 'Hidden/Shader Graph/FallbackError' not found
Launched and connected shader compiler UnityShaderCompiler.exe after 0.18 seconds
Refreshing native plugins compatible for Editor in 1.34 ms, found 12 plugins.
Preloading 1 native plugins for Editor in 0.05 ms.
Unloading 5082 Unused Serialized files (Serialized files now loaded: 0)
Unloading 72 unused Assets / (273.9 KB). Loaded Objects now: 5506.
Memory consumption went from 186.3 MB to 186.0 MB.
Total: 5.235200 ms (FindLiveObjects: 0.457600 ms CreateObjectMapping: 0.451800 ms MarkObjects: 3.942900 ms  DeleteObjects: 0.381600 ms)

AssetImportParameters requested are different than current active one (requested -> active):
  custom:video-decoder-ogg-theora: a1e56fd34408186e4bbccfd4996cb3dc -> 
  custom:container-muxer-webm: aa71ff27fc2769a1b78a27578f13a17b -> 
  custom:container-demuxer-webm: 4f35f7cbe854078d1ac9338744f61a02 -> 
  custom:video-encoder-webm-vp8: eb34c28f22e8b96e1ab97ce403110664 -> 
  custom:video-codec-MediaFoundation-h265: 746d11721c4dcdbdad8f713fa42b33f4 -> 
  custom:audio-encoder-webm-vorbis: bf7c407c2cedff20999df2af8eb42d56 -> 
  custom:framework-win-MediaFoundation: 216162199b28c13a410421893ffa2e32 -> 
  custom:container-demuxer-ogg: 62fdf1f143b41e24485cea50d1cbac27 -> 
  custom:video-decoder-webm-vp8: 9c59270c3fd7afecdb556c50c9e8de78 -> 
  custom:audio-decoder-ogg-vorbis: bf7c407c2cedff20999df2af8eb42d56 -> 
========================================================================
Received Import Request.
  Time since last request: 1050370.001347 seconds.
  path: Assets/wit-unity-main
  artifactKey: Guid(c59bafd7de6917e4f904737565f2df60) Importer(815301076,1909f56bfc062723c751e8b465ee728b)
Start importing Assets/wit-unity-main using Guid(c59bafd7de6917e4f904737565f2df60) Importer(815301076,1909f56bfc062723c751e8b465ee728b)  -> (artifact id: '91234e8b1e95232600d234050cbae543') in 0.075491 seconds 
========================================================================
Received Import Request.
  Time since last request: 0.000033 seconds.
  path: Assets/wit-unity-main/CHANGELOG.md
  artifactKey: Guid(23c8a3034aae7df4ebb4dd60d6f849e0) Importer(815301076,1909f56bfc062723c751e8b465ee728b)
Start importing Assets/wit-unity-main/CHANGELOG.md using Guid(23c8a3034aae7df4ebb4dd60d6f849e0) Importer(815301076,1909f56bfc062723c751e8b465ee728b)  -> (artifact id: 'ba933e46be72ac90acf4acd30f2d5b73') in 0.175536 seconds 
========================================================================
Received Import Request.
  Time since last request: 2.974091 seconds.
  path: Assets/Oculus/Voice/Lib/Wit.ai/Scripts/Editor/Facebook.Wit.Editor.asmdef
  artifactKey: Guid(fa958eb9f0171754fb207d563a15ddfa) Importer(815301076,1909f56bfc062723c751e8b465ee728b)
Start importing Assets/Oculus/Voice/Lib/Wit.ai/Scripts/Editor/Facebook.Wit.Editor.asmdef using Guid(fa958eb9f0171754fb207d563a15ddfa) Importer(815301076,1909f56bfc062723c751e8b465ee728b)  -> (artifact id: '5eb50f0adb6841182b920f2ee8a05103') in 0.014276 seconds 
========================================================================
Received Prepare
Registering precompiled user dll's ...
Registered in 0.013305 seconds.
Assembly with name 'Facebook.WitAI' already exists (Assets/wit-unity-main/Scripts/Runtime/Facebook.Wit.asmdef)
Assembly with name 'Facebook.WitAI' already exists (Assets/Oculus/Voice/Lib/Wit.ai/Scripts/Runtime/Facebook.Wit.asmdef)
Assembly with name 'Facebook.Wit.Editor' already exists (Assets/wit-unity-main/Scripts/Editor/Facebook.Wit.Editor.asmdef)
Assembly with name 'Facebook.Wit.Editor' already exists (Assets/Oculus/Voice/Lib/Wit.ai/Scripts/Editor/Facebook.Wit.Editor.asmdef)
Assembly with name 'Facebook.WitAI' already exists (Assets/wit-unity-main/Scripts/Runtime/Facebook.Wit.asmdef)
Assembly with name 'Facebook.WitAI' already exists (Assets/Oculus/Voice/Lib/Wit.ai/Scripts/Runtime/Facebook.Wit.asmdef)
Assembly with name 'Facebook.Wit.Editor' already exists (Assets/wit-unity-main/Scripts/Editor/Facebook.Wit.Editor.asmdef)
Assembly with name 'Facebook.Wit.Editor' already exists (Assets/Oculus/Voice/Lib/Wit.ai/Scripts/Editor/Facebook.Wit.Editor.asmdef)
Begin MonoManager ReloadAssembly
Symbol file LoadedFromMemory doesn't match image E:\Parrot\My project\Library\PackageCache\com.unity.visualscripting@1.7.6\Editor\VisualScripting.Core\Dependencies\DotNetZip\Unity.VisualScripting.IonicZip.dll
Symbol file LoadedFromMemory doesn't match image E:\Parrot\My project\Library\PackageCache\com.unity.visualscripting@1.7.6\Editor\VisualScripting.Core\Dependencies\YamlDotNet\Unity.VisualScripting.YamlDotNet.dll
Native extension for WindowsStandalone target not found
Native extension for Android target not found
Refreshing native plugins compatible for Editor in 2.64 ms, found 12 plugins.
Preloading 1 native plugins for Editor in 0.07 ms.
Assembly with name 'Facebook.WitAI' already exists (Assets/wit-unity-main/Scripts/Runtime/Facebook.Wit.asmdef)
Assembly with name 'Facebook.WitAI' already exists (Assets/Oculus/Voice/Lib/Wit.ai/Scripts/Runtime/Facebook.Wit.asmdef)
Assembly with name 'Facebook.Wit.Editor' already exists (Assets/wit-unity-main/Scripts/Editor/Facebook.Wit.Editor.asmdef)
Assembly with name 'Facebook.Wit.Editor' already exists (Assets/Oculus/Voice/Lib/Wit.ai/Scripts/Editor/Facebook.Wit.Editor.asmdef)
Mono: successfully reloaded assembly
- Completed reload, in  2.004 seconds
Domain Reload Profiling:
	ReloadAssembly (2005ms)
		BeginReloadAssembly (340ms)
			ExecutionOrderSort (0ms)
			DisableScriptedObjects (7ms)
			BackupInstance (0ms)
			ReleaseScriptingObjects (0ms)
			CreateAndSetChildDomain (138ms)
		EndReloadAssembly (1489ms)
			LoadAssemblies (285ms)
			RebuildTransferFunctionScriptingTraits (0ms)
			SetupTypeCache (553ms)
			ReleaseScriptCaches (2ms)
			RebuildScriptCaches (63ms)
			SetupLoadedEditorAssemblies (553ms)
				LogAssemblyErrors (0ms)
				InitializePlatformSupportModulesInManaged (32ms)
				SetLoadedEditorAssemblies (1ms)
				RefreshPlugins (3ms)
				BeforeProcessingInitializeOnLoad (140ms)
				ProcessInitializeOnLoadAttributes (322ms)
				ProcessInitializeOnLoadMethodAttributes (41ms)
				AfterProcessingInitializeOnLoad (15ms)
				EditorAssembliesLoaded (0ms)
			ExecutionOrderSort2 (0ms)
			AwakeInstancesAfterBackupRestoration (6ms)
Platform modules already initialized, skipping
Shader 'Unlit/Outline': fallback shader 'Hidden/Shader Graph/FallbackError' not found
Shader 'Unlit/Outline': fallback shader 'Hidden/Shader Graph/FallbackError' not found
Shader 'Oculus/OVRMRCameraFrameLit': fallback shader 'Alpha-Diffuse' not found
Refreshing native plugins compatible for Editor in 7.22 ms, found 12 plugins.
Preloading 1 native plugins for Editor in 0.04 ms.
Unloading 4887 Unused Serialized files (Serialized files now loaded: 0)
Unloading 128 unused Assets / (240.9 KB). Loaded Objects now: 5444.
Memory consumption went from 176.4 MB to 176.2 MB.
Total: 4.150800 ms (FindLiveObjects: 0.537400 ms CreateObjectMapping: 0.438500 ms MarkObjects: 2.967100 ms  DeleteObjects: 0.206400 ms)

AssetImportParameters requested are different than current active one (requested -> active):
  custom:video-decoder-ogg-theora: a1e56fd34408186e4bbccfd4996cb3dc -> 
  custom:container-muxer-webm: aa71ff27fc2769a1b78a27578f13a17b -> 
  custom:container-demuxer-webm: 4f35f7cbe854078d1ac9338744f61a02 -> 
  custom:video-encoder-webm-vp8: eb34c28f22e8b96e1ab97ce403110664 -> 
  custom:video-codec-MediaFoundation-h265: 746d11721c4dcdbdad8f713fa42b33f4 -> 
  custom:audio-encoder-webm-vorbis: bf7c407c2cedff20999df2af8eb42d56 -> 
  custom:framework-win-MediaFoundation: 216162199b28c13a410421893ffa2e32 -> 
  custom:container-demuxer-ogg: 62fdf1f143b41e24485cea50d1cbac27 -> 
  custom:video-decoder-webm-vp8: 9c59270c3fd7afecdb556c50c9e8de78 -> 
  custom:audio-decoder-ogg-vorbis: bf7c407c2cedff20999df2af8eb42d56 -> 
